  [1m[35m (207.4ms)[0m  [1m[35mCREATE DATABASE "test_action_mailer_development" ENCODING = 'unicode'[0m
  ↳ bin/rails:9
  [1m[35m (78.0ms)[0m  [1m[35mCREATE DATABASE "test_action_mailer_test" ENCODING = 'unicode'[0m
  ↳ bin/rails:9
  [1m[35m (10.7ms)[0m  [1m[35mCREATE TABLE "schema_migrations" ("version" character varying NOT NULL PRIMARY KEY)[0m
  ↳ bin/rails:9
  [1m[35m (6.4ms)[0m  [1m[35mCREATE TABLE "ar_internal_metadata" ("key" character varying NOT NULL PRIMARY KEY, "value" character varying, "created_at" timestamp NOT NULL, "updated_at" timestamp NOT NULL)[0m
  ↳ bin/rails:9
  [1m[35m (5.3ms)[0m  [1m[34mSELECT pg_try_advisory_lock(5257908756930330060)[0m
  ↳ bin/rails:9
  [1m[35m (0.8ms)[0m  [1m[34mSELECT "schema_migrations"."version" FROM "schema_migrations" ORDER BY "schema_migrations"."version" ASC[0m
  ↳ bin/rails:9
Migrating to CreateUsers (20211108090547)
  [1m[35m (0.1ms)[0m  [1m[35mBEGIN[0m
  ↳ bin/rails:9
  [1m[35m (5.8ms)[0m  [1m[35mCREATE TABLE "users" ("id" bigserial primary key, "name" character varying, "email" character varying, "created_at" timestamp NOT NULL, "updated_at" timestamp NOT NULL)[0m
  ↳ db/migrate/20211108090547_create_users.rb:3
  [1m[36mActiveRecord::SchemaMigration Create (0.7ms)[0m  [1m[32mINSERT INTO "schema_migrations" ("version") VALUES ($1) RETURNING "version"[0m  [["version", "20211108090547"]]
  ↳ bin/rails:9
  [1m[35m (0.4ms)[0m  [1m[35mCOMMIT[0m
  ↳ bin/rails:9
  [1m[36mActiveRecord::InternalMetadata Load (0.3ms)[0m  [1m[34mSELECT  "ar_internal_metadata".* FROM "ar_internal_metadata" WHERE "ar_internal_metadata"."key" = $1 LIMIT $2[0m  [["key", "environment"], ["LIMIT", 1]]
  ↳ bin/rails:9
  [1m[35m (0.1ms)[0m  [1m[35mBEGIN[0m
  ↳ bin/rails:9
  [1m[36mActiveRecord::InternalMetadata Create (0.3ms)[0m  [1m[32mINSERT INTO "ar_internal_metadata" ("key", "value", "created_at", "updated_at") VALUES ($1, $2, $3, $4) RETURNING "key"[0m  [["key", "environment"], ["value", "development"], ["created_at", "2021-11-08 09:06:43.973568"], ["updated_at", "2021-11-08 09:06:43.973568"]]
  ↳ bin/rails:9
  [1m[35m (0.3ms)[0m  [1m[35mCOMMIT[0m
  ↳ bin/rails:9
  [1m[35m (0.2ms)[0m  [1m[34mSELECT pg_advisory_unlock(5257908756930330060)[0m
  ↳ bin/rails:9
  [1m[35m (0.1ms)[0m  [1m[34mSELECT "schema_migrations"."version" FROM "schema_migrations" ORDER BY "schema_migrations"."version" ASC[0m
  ↳ bin/rails:9
  [1m[35m (0.8ms)[0m  [1m[34mSELECT "schema_migrations"."version" FROM "schema_migrations" ORDER BY "schema_migrations"."version" ASC[0m
  ↳ bin/rails:9
  [1m[36mUser Load (0.8ms)[0m  [1m[34mSELECT "users".* FROM "users"[0m
  [1m[35m (1.1ms)[0m  [1m[34mSELECT "schema_migrations"."version" FROM "schema_migrations" ORDER BY "schema_migrations"."version" ASC[0m
  ↳ bin/rails:9
  [1m[35m (0.1ms)[0m  [1m[35mBEGIN[0m
  ↳ db/seeds.rb:10
  [1m[36mUser Create (0.7ms)[0m  [1m[32mINSERT INTO "users" ("name", "email", "created_at", "updated_at") VALUES ($1, $2, $3, $4) RETURNING "id"[0m  [["name", "Archie Raynor"], ["email", "dominic.mcclure@labadie-morar.info"], ["created_at", "2021-11-08 09:10:06.954765"], ["updated_at", "2021-11-08 09:10:06.954765"]]
  ↳ db/seeds.rb:10
  [1m[35m (0.4ms)[0m  [1m[35mCOMMIT[0m
  ↳ db/seeds.rb:10
  [1m[35m (0.1ms)[0m  [1m[35mBEGIN[0m
  ↳ db/seeds.rb:10
  [1m[36mUser Create (0.2ms)[0m  [1m[32mINSERT INTO "users" ("name", "email", "created_at", "updated_at") VALUES ($1, $2, $3, $4) RETURNING "id"[0m  [["name", "Morris Bernier"], ["email", "meredith_cronin@miller-williamson.io"], ["created_at", "2021-11-08 09:10:06.958256"], ["updated_at", "2021-11-08 09:10:06.958256"]]
  ↳ db/seeds.rb:10
  [1m[35m (0.3ms)[0m  [1m[35mCOMMIT[0m
  ↳ db/seeds.rb:10
  [1m[35m (0.1ms)[0m  [1m[35mBEGIN[0m
  ↳ db/seeds.rb:10
  [1m[36mUser Create (0.2ms)[0m  [1m[32mINSERT INTO "users" ("name", "email", "created_at", "updated_at") VALUES ($1, $2, $3, $4) RETURNING "id"[0m  [["name", "Fr. Jame Wisozk"], ["email", "sulema_swaniawski@veum.org"], ["created_at", "2021-11-08 09:10:06.960707"], ["updated_at", "2021-11-08 09:10:06.960707"]]
  ↳ db/seeds.rb:10
  [1m[35m (0.3ms)[0m  [1m[35mCOMMIT[0m
  ↳ db/seeds.rb:10
  [1m[35m (0.1ms)[0m  [1m[35mBEGIN[0m
  ↳ db/seeds.rb:10
  [1m[36mUser Create (0.2ms)[0m  [1m[32mINSERT INTO "users" ("name", "email", "created_at", "updated_at") VALUES ($1, $2, $3, $4) RETURNING "id"[0m  [["name", "Melvin Homenick"], ["email", "quinton.torp@simonis-harvey.net"], ["created_at", "2021-11-08 09:10:06.962941"], ["updated_at", "2021-11-08 09:10:06.962941"]]
  ↳ db/seeds.rb:10
  [1m[35m (0.2ms)[0m  [1m[35mCOMMIT[0m
  ↳ db/seeds.rb:10
  [1m[35m (0.1ms)[0m  [1m[35mBEGIN[0m
  ↳ db/seeds.rb:10
  [1m[36mUser Create (0.1ms)[0m  [1m[32mINSERT INTO "users" ("name", "email", "created_at", "updated_at") VALUES ($1, $2, $3, $4) RETURNING "id"[0m  [["name", "Carmen Rath"], ["email", "magdalena_feest@dickens.net"], ["created_at", "2021-11-08 09:10:06.965119"], ["updated_at", "2021-11-08 09:10:06.965119"]]
  ↳ db/seeds.rb:10
  [1m[35m (0.2ms)[0m  [1m[35mCOMMIT[0m
  ↳ db/seeds.rb:10
  [1m[35m (0.1ms)[0m  [1m[35mBEGIN[0m
  ↳ db/seeds.rb:10
  [1m[36mUser Create (0.2ms)[0m  [1m[32mINSERT INTO "users" ("name", "email", "created_at", "updated_at") VALUES ($1, $2, $3, $4) RETURNING "id"[0m  [["name", "Veda Spinka"], ["email", "ruth@kohler-lowe.io"], ["created_at", "2021-11-08 09:10:06.967304"], ["updated_at", "2021-11-08 09:10:06.967304"]]
  ↳ db/seeds.rb:10
  [1m[35m (0.2ms)[0m  [1m[35mCOMMIT[0m
  ↳ db/seeds.rb:10
  [1m[35m (0.1ms)[0m  [1m[35mBEGIN[0m
  ↳ db/seeds.rb:10
  [1m[36mUser Create (0.2ms)[0m  [1m[32mINSERT INTO "users" ("name", "email", "created_at", "updated_at") VALUES ($1, $2, $3, $4) RETURNING "id"[0m  [["name", "Elfrieda Schuster III"], ["email", "anissa@wolff.com"], ["created_at", "2021-11-08 09:10:06.969674"], ["updated_at", "2021-11-08 09:10:06.969674"]]
  ↳ db/seeds.rb:10
  [1m[35m (0.3ms)[0m  [1m[35mCOMMIT[0m
  ↳ db/seeds.rb:10
  [1m[35m (0.1ms)[0m  [1m[35mBEGIN[0m
  ↳ db/seeds.rb:10
  [1m[36mUser Create (0.2ms)[0m  [1m[32mINSERT INTO "users" ("name", "email", "created_at", "updated_at") VALUES ($1, $2, $3, $4) RETURNING "id"[0m  [["name", "Kendrick Feeney"], ["email", "fredericka@baumbach.info"], ["created_at", "2021-11-08 09:10:06.971973"], ["updated_at", "2021-11-08 09:10:06.971973"]]
  ↳ db/seeds.rb:10
  [1m[35m (0.3ms)[0m  [1m[35mCOMMIT[0m
  ↳ db/seeds.rb:10
  [1m[35m (0.1ms)[0m  [1m[35mBEGIN[0m
  ↳ db/seeds.rb:10
  [1m[36mUser Create (0.2ms)[0m  [1m[32mINSERT INTO "users" ("name", "email", "created_at", "updated_at") VALUES ($1, $2, $3, $4) RETURNING "id"[0m  [["name", "Antoine Cremin"], ["email", "elijah@schneider.co"], ["created_at", "2021-11-08 09:10:06.974427"], ["updated_at", "2021-11-08 09:10:06.974427"]]
  ↳ db/seeds.rb:10
  [1m[35m (0.3ms)[0m  [1m[35mCOMMIT[0m
  ↳ db/seeds.rb:10
  [1m[35m (0.1ms)[0m  [1m[35mBEGIN[0m
  ↳ db/seeds.rb:10
  [1m[36mUser Create (0.2ms)[0m  [1m[32mINSERT INTO "users" ("name", "email", "created_at", "updated_at") VALUES ($1, $2, $3, $4) RETURNING "id"[0m  [["name", "Sabine Mann"], ["email", "arden@weber.io"], ["created_at", "2021-11-08 09:10:06.976854"], ["updated_at", "2021-11-08 09:10:06.976854"]]
  ↳ db/seeds.rb:10
  [1m[35m (0.3ms)[0m  [1m[35mCOMMIT[0m
  ↳ db/seeds.rb:10
  [1m[36mUser Load (1.5ms)[0m  [1m[34mSELECT "users".* FROM "users"[0m
  [1m[36mUser Load (0.3ms)[0m  [1m[34mSELECT "users".* FROM "users"[0m
  [1m[35m (0.4ms)[0m  [1m[35mBEGIN[0m
  [1m[36mUser Create (1.0ms)[0m  [1m[32mINSERT INTO "users" ("name", "email", "created_at", "updated_at") VALUES ($1, $2, $3, $4) RETURNING "id"[0m  [["name", "johnny"], ["email", "johnny@johnny.fr"], ["created_at", "2021-11-08 09:21:11.517233"], ["updated_at", "2021-11-08 09:21:11.517233"]]
  Rendering user_mailer/welcome_email.html.erb within layouts/mailer
  Rendered user_mailer/welcome_email.html.erb within layouts/mailer (2.4ms)
  Rendering user_mailer/welcome_email.text.erb within layouts/mailer
  Rendered user_mailer/welcome_email.text.erb within layouts/mailer (0.5ms)
UserMailer#welcome_email: processed outbound mail in 729.7ms
Sent mail to johnny@johnny.fr (26.8ms)
Date: Mon, 08 Nov 2021 10:21:12 +0100
From: no-reply@monsite.fr
To: johnny@johnny.fr
Message-ID: <6188ec08a18d6_17008272488d0@MacBook-Pro-de-Benjamin.local.mail>
Subject: Bienvenue chez nous !
Mime-Version: 1.0
Content-Type: multipart/alternative;
 boundary="--==_mimepart_6188ec089da66_170082724871d";
 charset=UTF-8
Content-Transfer-Encoding: 7bit


----==_mimepart_6188ec089da66_170082724871d
Content-Type: text/plain;
 charset=UTF-8
Content-Transfer-Encoding: base64

U2FsdXQgam9obm55IGV0IGJpZW52ZW51ZSBjaGV6IG5vdXMgIQ0KPT09PT09
PT09PT09PT09PT09PT09PT09PT09PT09PT09PT09PT09PT09PT09PT09PT09
PT09PT09PQ0KDQpUdSB0J2VzIGluc2NyaXQgc3VyIG1vbnNpdGUuZnIgZW4g
dXRpbGlzYW50IGwnZS1tYWlsIHN1aXZhbnQgOiBqb2hubnlAam9obm55LmZy
Lg0KDQpQb3VyIGFjY8OpZGVyIMOgIHRvbiBlc3BhY2UgY2xpZW50LCBjb25u
ZWN0ZS10b2kgdmlhIDogaHR0cDovL21vbnNpdGUuZnIvbG9naW4uDQoNCsOA
IHRyw6hzIHZpdGUgc3VyIG1vbnNpdGUuZnIgIQ0KDQo=

----==_mimepart_6188ec089da66_170082724871d
Content-Type: text/html;
 charset=UTF-8
Content-Transfer-Encoding: quoted-printable

<!DOCTYPE html>=0D
<html>=0D
  <head>=0D
    <meta http-equiv=3D"Content-Type" content=3D"text/html; charset=3Dutf=
-8" />=0D
    <style>=0D
      /* Email styles need to be inline */=0D
    </style>=0D
  </head>=0D
=0D
  <body>=0D
    <html>=0D
  <head>=0D
    <meta content=3D'text/html; charset=3DUTF-8' http-equiv=3D'Content-Ty=
pe' />=0D
  </head>=0D
  <body>=0D
    <h1>Salut johnny et bienvenue chez nous !</h1>=0D
    <p>=0D
      Tu t'es inscrit sur monsite.fr en utilisant l'e-mail suivant : john=
ny@johnny.fr.=0D
    </p>=0D
    <p>=0D
      Pour acc=C3=A9der =C3=A0 ton espace client, connecte-toi via : http=
://monsite.fr/login.=0D
    </p>=0D
    <p> =C3=80 tr=C3=A8s vite sur monsite.fr !=0D
  </body>=0D
</html>=0D
=0D
  </body>=0D
</html>=0D

----==_mimepart_6188ec089da66_170082724871d--

  [1m[35m (0.6ms)[0m  [1m[35mCOMMIT[0m
  [1m[36mUser Load (0.4ms)[0m  [1m[34mSELECT "users".* FROM "users"[0m
  [1m[35m (0.1ms)[0m  [1m[35mBEGIN[0m
  [1m[36mUser Create (0.5ms)[0m  [1m[32mINSERT INTO "users" ("name", "email", "created_at", "updated_at") VALUES ($1, $2, $3, $4) RETURNING "id"[0m  [["name", "Féfé"], ["email", "féfé@yopmail.com"], ["created_at", "2021-11-08 09:25:31.556911"], ["updated_at", "2021-11-08 09:25:31.556911"]]
  Rendering user_mailer/welcome_email.html.erb within layouts/mailer
  Rendered user_mailer/welcome_email.html.erb within layouts/mailer (1.2ms)
  Rendering user_mailer/welcome_email.text.erb within layouts/mailer
  Rendered user_mailer/welcome_email.text.erb within layouts/mailer (0.3ms)
UserMailer#welcome_email: processed outbound mail in 71.6ms
Sent mail to féfé@yopmail.com (36.2ms)
Date: Mon, 08 Nov 2021 10:25:31 +0100
From: no-reply@monsite.fr
To: =?UTF-8?B?ZsOpZsOp?=@yopmail.com
Message-ID: <6188ed0bccc9a_170842760485e3@MacBook-Pro-de-Benjamin.local.mail>
Subject: Bienvenue chez nous !
Mime-Version: 1.0
Content-Type: multipart/alternative;
 boundary="--==_mimepart_6188ed0bc970c_170842760484a8";
 charset=UTF-8
Content-Transfer-Encoding: 7bit


----==_mimepart_6188ed0bc970c_170842760484a8
Content-Type: text/plain;
 charset=UTF-8
Content-Transfer-Encoding: base64

U2FsdXQgRsOpZsOpIGV0IGJpZW52ZW51ZSBjaGV6IG5vdXMgIQ0KPT09PT09
PT09PT09PT09PT09PT09PT09PT09PT09PT09PT09PT09PT09PT09PT09PT09
PT09PT09PQ0KDQpUdSB0J2VzIGluc2NyaXQgc3VyIG1vbnNpdGUuZnIgZW4g
dXRpbGlzYW50IGwnZS1tYWlsIHN1aXZhbnQgOiBmw6lmw6lAeW9wbWFpbC5j
b20uDQoNClBvdXIgYWNjw6lkZXIgw6AgdG9uIGVzcGFjZSBjbGllbnQsIGNv
bm5lY3RlLXRvaSB2aWEgOiBodHRwOi8vbW9uc2l0ZS5mci9sb2dpbi4NCg0K
w4AgdHLDqHMgdml0ZSBzdXIgbW9uc2l0ZS5mciAhDQoNCg==

----==_mimepart_6188ed0bc970c_170842760484a8
Content-Type: text/html;
 charset=UTF-8
Content-Transfer-Encoding: quoted-printable

<!DOCTYPE html>=0D
<html>=0D
  <head>=0D
    <meta http-equiv=3D"Content-Type" content=3D"text/html; charset=3Dutf=
-8" />=0D
    <style>=0D
      /* Email styles need to be inline */=0D
    </style>=0D
  </head>=0D
=0D
  <body>=0D
    <html>=0D
  <head>=0D
    <meta content=3D'text/html; charset=3DUTF-8' http-equiv=3D'Content-Ty=
pe' />=0D
  </head>=0D
  <body>=0D
    <h1>Salut F=C3=A9f=C3=A9 et bienvenue chez nous !</h1>=0D
    <p>=0D
      Tu t'es inscrit sur monsite.fr en utilisant l'e-mail suivant : f=C3=
=A9f=C3=A9@yopmail.com.=0D
    </p>=0D
    <p>=0D
      Pour acc=C3=A9der =C3=A0 ton espace client, connecte-toi via : http=
://monsite.fr/login.=0D
    </p>=0D
    <p> =C3=80 tr=C3=A8s vite sur monsite.fr !=0D
  </body>=0D
</html>=0D
=0D
  </body>=0D
</html>=0D

----==_mimepart_6188ed0bc970c_170842760484a8--

  [1m[35m (19.0ms)[0m  [1m[35mCOMMIT[0m
